3
0 1 0 0.000000 0.000000
0.0000000000000000 0.0000000000000000 0.0000000000000000 0.0000000000000000 0.0000000000000000 0.0000000000000000 0.0000000000000000
0.0000000000000000 0.0000000000000000 0.0000000000000000 0.0000000000000000 0.0000000000000000 0.0000000000000000 0.0000000000000000
0.0000000000000000 0.0000000000000000 0.0000000000000000 0.0000000000000000 0.0000000000000000 0.0000000000000000 0.0000000000000000
0.0000000000000000 0.0000000000000000 0.0000000000000000 0.0000000000000000 0.0000000000000000 0.0000000000000000 0.0000000000000000
0.0000000000000000 0.0000000000000000 0.0000000000000000 0.0000000000000000 0.0000000000000000 0.0000000000000000 0.0000000000000000
0.0000000000000000 0.0000000000000000 0.0000000000000000 0.0000000000000000 0.0000000000000000 0.0000000000000000 0.0000000000000000
0.0000000000000000 0.0000000000000000 0.0000000000000000 0.0000000000000000 0.0000000000000000 0.0000000000000000 0.0000000000000000
0.0000000000000000 0.0000000000000000 0.0000000000000000 0.0000000000000000 0.0000000000000000 0.0000000000000000 0.0000000000000000
0.0000000000000000 0.0000000000000000 0.0000000000000000 0.0000000000000000 0.0000000000000000 0.0000000000000000 0.0000000000000000
0.0000000000000000 0.0000000000000000 0.0000000000000000 0.0000000000000000 0.0000000000000000 0.0000000000000000 0.0000000000000000
0.0000000000000000 0.0000000000000000 0.0000000000000000 0.0000000000000000 0.0000000000000000 0.0000000000000000 0.0000000000000000
0.0000000000000000 0.0000000000000000 0.0000000000000000 0.0000000000000000 0.0000000000000000 0.0000000000000000 0.0000000000000000

30 12 0 -180.104478 48.000000
0.0000000000000000 -0.5297315471796477 -0.8571236482497384 0.6801238637875499 -0.1932089369178153 0.1932482924092167 0.6802624009033833
0.0000000000000000 -0.5297315471796477 0.8571236482497384 -0.1931910309405322 0.6800608321149612 0.6803254139009486 0.1932661930813137
0.0000000000000000 0.5297315471796477 -0.8571236482497384 -0.6800608321149610 -0.1931910309405319 -0.1932661930813140 0.6803254139009486
0.0000000000000000 0.5297315471796477 0.8571236482497384 0.1932089369178154 0.6801238637875496 -0.6802624009033833 0.1932482924092165
-0.5297315471796477 -0.8571236482497384 0.0000000000000000 0.6638723701387543 -0.4367283110213387 0.5561190361356790 0.2434614469816127
-0.5297315471796477 0.8571236482497384 0.0000000000000000 -0.6638498097123181 -0.4366767827218691 -0.5561594981944614 0.2435229560948155
0.5297315471796477 -0.8571236482497384 0.0000000000000000 0.2433262289194308 -0.5560300747467909 0.4368415685087475 0.6639219429420551
0.5297315471796477 0.8571236482497384 0.0000000000000000 -0.2435966549443874 -0.5562079744553250 -0.4366150354173160 0.6638227697963280
-0.8571236482497384 0.0000000000000000 -0.5297315471796477 -0.8306914250920314 0.1504494621071845 -0.4631408028798655 0.2698468312552553
-0.8571236482497384 0.0000000000000000 0.5297315471796477 -0.1505008788936655 0.8306614616813471 -0.2699390526345227 0.4631240971842683
0.8571236482497384 0.0000000000000000 -0.5297315471796477 -0.2699390526345228 -0.4631240971842682 0.1505008788936656 0.8306614616813470
0.8571236482497384 0.0000000000000000 0.5297315471796477 -0.4631408028798656 -0.2698468312552555 0.8306914250920314 0.1504494621071846

25 11 0 -148.102554 44.430766
-2.0343567676171794 1.7261471217525681 1.5820113595785519 -0.0279502414574644 0.3134419698578895 -0.0378108876081277 -0.9484425403324973
0.8523145236039495 -2.3217926806247102 0.5810711153111022 0.4092192502542291 0.8292353138785060 0.3788911611160625 -0.0367408147201999
1.2906602684930910 1.7447765276754599 -0.7301983882333182 -0.3651817810966922 0.0830847847625754 0.4199620636508767 0.8266625976721705
1.6169933369343499 -2.1886516537073799 -0.1400394076941875 0.4733075799483855 0.0970811099586342 -0.6805614338888518 0.5508097017625527
0.1092702564652187 2.5545053281725170 0.1552278014017558 0.4444401567972067 -0.5136044835275617 0.5916211193937184 -0.4343591055955711
1.3423864092681603 -2.7336051148403895 -1.0061094738850977 -0.7193086346823476 -0.2162498277120683 0.0048547526355447 0.6601572020835381
0.8194881268126354 2.1485518177691123 0.8284670670630244 0.2137014952023595 -0.4822814376519951 0.8468509245172189 0.0676742010586912
2.0514739970834381 2.3638611361142696 -0.3296781537016880 -0.3111445015290837 -0.5288342931409477 0.2805035808084297 0.7381335453154674
0.4013653759777691 2.3112470223759161 -0.8336740136082640 -0.4890527675224973 0.3239529912823271 -0.1279407301873441 0.7996955793156217
0.6026897973584635 -2.2243836320017092 -0.4439461055436797 0.4776496186059495 0.5068843876887978 -0.2333472675277745 0.6785780073803339
1.5760640567659927 1.6438019287773442 0.2850800547517851 -0.1420757453338600 -0.2781032849814554 0.7752169753663626 0.5491007981911699
1.7510237541978078 2.6217724483780507 0.6530326097782925 -0.3065253927204318 0.3441236604187897 0.8623583028165392 -0.2096646072205235

